Library/Bee/Android/Prj/IL2CPP/Gradle/launcher/build/intermediates/manifest_merge_blame_file/debug/manifest-merger-blame-debug-report.txt
1<?xml version="1.0" encoding="utf-8"?>
2<manifest xmlns:android="http://schemas.android.com/apk/res/android"
3    package="com.DefaultCompany.MyTestHotUpdate"
4    android:installLocation="preferExternal"
5    android:versionCode="1"
6    android:versionName="0.1" >
7
8    <uses-sdk
9        android:minSdkVersion="22"
9-->src\main\AndroidManifest.xml
10        android:targetSdkVersion="32" />
10-->src\main\AndroidManifest.xml
11
12    <supports-screens
12-->src\main\AndroidManifest.xml:4:3-163
13        android:anyDensity="true"
13-->src\main\AndroidManifest.xml:4:135-160
14        android:largeScreens="true"
14-->src\main\AndroidManifest.xml:4:78-105
15        android:normalScreens="true"
15-->src\main\AndroidManifest.xml:4:49-77
16        android:smallScreens="true"
16-->src\main\AndroidManifest.xml:4:21-48
17        android:xlargeScreens="true" />
17-->src\main\AndroidManifest.xml:4:106-134
18
19    <supports-gl-texture android:name="GL_KHR_texture_compression_astc_ldr" />
19-->[:unityLibrary] AndroidManifest.xml:10:5-79
19-->[:unityLibrary] AndroidManifest.xml:10:26-76
20
21    <uses-permission android:name="android.permission.INTERNET" />
21-->[:unityLibrary] AndroidManifest.xml:12:5-67
21-->[:unityLibrary] AndroidManifest.xml:12:22-64
22
23    <uses-feature android:glEsVersion="0x00030000" />
23-->[:unityLibrary] AndroidManifest.xml:14:5-54
23-->[:unityLibrary] AndroidManifest.xml:14:19-51
24    <uses-feature
24-->[:unityLibrary] AndroidManifest.xml:15:5-17:36
25        android:name="android.hardware.vulkan.version"
25-->[:unityLibrary] AndroidManifest.xml:16:9-55
26        android:required="false" />
26-->[:unityLibrary] AndroidManifest.xml:17:9-33
27    <uses-feature
27-->[:unityLibrary] AndroidManifest.xml:18:5-20:36
28        android:name="android.hardware.touchscreen"
28-->[:unityLibrary] AndroidManifest.xml:19:9-52
29        android:required="false" />
29-->[:unityLibrary] AndroidManifest.xml:20:9-33
30
31    <application
31-->src\main\AndroidManifest.xml:3:3-83
32        android:debuggable="true"
33        android:extractNativeLibs="true"
33-->[:unityLibrary] AndroidManifest.xml:22:18-50
34        android:icon="@mipmap/app_icon"
34-->src\main\AndroidManifest.xml:3:49-80
35        android:label="@string/app_name" >
35-->src\main\AndroidManifest.xml:3:16-48
36        <meta-data
36-->[:unityLibrary] AndroidManifest.xml:23:9-25:33
37            android:name="unity.splash-mode"
37-->[:unityLibrary] AndroidManifest.xml:24:13-45
38            android:value="0" />
38-->[:unityLibrary] AndroidManifest.xml:25:13-30
39        <meta-data
39-->[:unityLibrary] AndroidManifest.xml:26:9-28:36
40            android:name="unity.splash-enable"
40-->[:unityLibrary] AndroidManifest.xml:27:13-47
41            android:value="True" />
41-->[:unityLibrary] AndroidManifest.xml:28:13-33
42        <meta-data
42-->[:unityLibrary] AndroidManifest.xml:29:9-31:36
43            android:name="unity.launch-fullscreen"
43-->[:unityLibrary] AndroidManifest.xml:30:13-51
44            android:value="True" />
44-->[:unityLibrary] AndroidManifest.xml:31:13-33
45        <meta-data
45-->[:unityLibrary] AndroidManifest.xml:32:9-34:37
46            android:name="unity.allow-resizable-window"
46-->[:unityLibrary] AndroidManifest.xml:33:13-56
47            android:value="False" />
47-->[:unityLibrary] AndroidManifest.xml:34:13-34
48        <meta-data
48-->[:unityLibrary] AndroidManifest.xml:35:9-37:50
49            android:name="notch.config"
49-->[:unityLibrary] AndroidManifest.xml:36:13-40
50            android:value="portrait|landscape" />
50-->[:unityLibrary] AndroidManifest.xml:37:13-47
51        <meta-data
51-->[:unityLibrary] AndroidManifest.xml:38:9-40:36
52            android:name="unity.auto-report-fully-drawn"
52-->[:unityLibrary] AndroidManifest.xml:39:13-57
53            android:value="true" />
53-->[:unityLibrary] AndroidManifest.xml:40:13-33
54
55        <activity
55-->[:unityLibrary] AndroidManifest.xml:42:9-63:20
56            android:name="com.unity3d.player.UnityPlayerActivity"
56-->[:unityLibrary] AndroidManifest.xml:43:13-66
57            android:configChanges="mcc|mnc|locale|touchscreen|keyboard|keyboardHidden|navigation|orientation|screenLayout|uiMode|screenSize|smallestScreenSize|fontScale|layoutDirection|density"
57-->[:unityLibrary] AndroidManifest.xml:44:13-194
58            android:exported="true"
58-->[:unityLibrary] AndroidManifest.xml:45:13-36
59            android:hardwareAccelerated="false"
59-->[:unityLibrary] AndroidManifest.xml:46:13-48
60            android:launchMode="singleTask"
60-->[:unityLibrary] AndroidManifest.xml:47:13-44
61            android:resizeableActivity="false"
61-->[:unityLibrary] AndroidManifest.xml:48:13-47
62            android:screenOrientation="fullUser"
62-->[:unityLibrary] AndroidManifest.xml:49:13-49
63            android:theme="@style/UnityThemeSelector" >
63-->[:unityLibrary] AndroidManifest.xml:50:13-54
64            <intent-filter>
64-->[:unityLibrary] AndroidManifest.xml:51:13-55:29
65                <category android:name="android.intent.category.LAUNCHER" />
65-->[:unityLibrary] AndroidManifest.xml:52:17-77
65-->[:unityLibrary] AndroidManifest.xml:52:27-74
66
67                <action android:name="android.intent.action.MAIN" />
67-->[:unityLibrary] AndroidManifest.xml:54:17-69
67-->[:unityLibrary] AndroidManifest.xml:54:25-66
68            </intent-filter>
69
70            <meta-data
70-->[:unityLibrary] AndroidManifest.xml:57:13-59:40
71                android:name="unityplayer.UnityActivity"
71-->[:unityLibrary] AndroidManifest.xml:58:17-57
72                android:value="true" />
72-->[:unityLibrary] AndroidManifest.xml:59:17-37
73            <meta-data
73-->[:unityLibrary] AndroidManifest.xml:60:13-62:40
74                android:name="notch_support"
74-->[:unityLibrary] AndroidManifest.xml:61:17-45
75                android:value="true" />
75-->[:unityLibrary] AndroidManifest.xml:62:17-37
76        </activity>
77    </application>
78
79</manifest>